Arguments: 
  C:\Program Files\nodejs\node.exe C:\Users\raju\AppData\Roaming\npm\node_modules\yarn\bin\yarn.js add -D @type/node typescript

PATH: 
  C:\Program Files\Java\jdk1.8.0_144\bin;C:\Program Files (x86)\Java\jre1.8.0_144\bin;C:\WINDOWS\system32;C:\WINDOWS;C:\WINDOWS\System32\Wbem;C:\WINDOWS\System32\WindowsPowerShell\v1.0\;C:\WINDOWS\System32\OpenSSH\;C:\Program Files\Intel\WiFi\bin\;C:\Program Files\Common Files\Intel\WirelessCommon\;C:\Program Files\nodejs\;C:\Program Files\Git\cmd;C:\Users\raju\AppData\Local\Microsoft\WindowsApps;C:\Program Files\Microsoft VS Code\bin;C:\Users\raju\Downloads\Programs\youtube-dl.exe;;C:\Users\raju\AppData\Local\Programs\Microsoft VS Code\bin;C:\Users\raju\AppData\Roaming\npm

Yarn version: 
  1.22.10

Node version: 
  14.15.5

Platform: 
  win32 x64

Trace: 
  Error: https://registry.yarnpkg.com/@type%2fnode: Not found
      at Request.params.callback [as _callback] (C:\Users\raju\AppData\Roaming\npm\node_modules\yarn\lib\cli.js:66988:18)
      at Request.self.callback (C:\Users\raju\AppData\Roaming\npm\node_modules\yarn\lib\cli.js:140662:22)
      at Request.emit (events.js:315:20)
      at Request.<anonymous> (C:\Users\raju\AppData\Roaming\npm\node_modules\yarn\lib\cli.js:141634:10)
      at Request.emit (events.js:315:20)
      at IncomingMessage.<anonymous> (C:\Users\raju\AppData\Roaming\npm\node_modules\yarn\lib\cli.js:141556:12)
      at Object.onceWrapper (events.js:421:28)
      at IncomingMessage.emit (events.js:327:22)
      at endReadableNT (internal/streams/readable.js:1327:12)
      at processTicksAndRejections (internal/process/task_queues.js:80:21)

npm manifest: 
  {
    "name": "full-stack-node-react",
    "version": "1.0.0",
    "description": "",
    "main": "index.js",
    "scripts": {
      "test": "echo \"Error: no test specified\" && exit 1"
    },
    "author": "",
    "license": "ISC"
  }

yarn manifest: 
  No manifest

Lockfile: 
  No lockfile
